Flutter crash report.
Please report a bug at https://github.com/flutter/flutter/issues.

## command

flutter run

## exception

SocketException: SocketException: Success (OS Error: Success, errno = 0), port = 0

```
```

## flutter doctor

```
[✓] Flutter (Channel unknown, 2.10.5, on elementary OS 6.1 Jólnir 5.13.0-48-generic, locale
    en_US.UTF-8)
    • Flutter version 2.10.5 at /home/dave/snap/flutter/common/flutter
    • Upstream repository unknown
    • Framework revision 5464c5bac7 (8 weeks ago), 2022-04-18 09:55:37 -0700
    • Engine revision 57d3bac3dd
    • Dart version 2.16.2
    • DevTools version 2.9.2

[✓] Android toolchain - develop for Android devices (Android SDK version 33.0.0)
    • Android SDK at /home/dave/Android/Sdk
    • Platform android-33, build-tools 33.0.0
    • Java binary at: /snap/android-studio/121/android-studio/jre/bin/java
    • Java version OpenJDK Runtime Environment (build 11.0.12+0-b1504.28-7817840)
    • All Android licenses accepted.

[✓] Chrome - develop for the web
    • Chrome at google-chrome

[✓] Android Studio (version 2021.2)
    • Android Studio at /snap/android-studio/121/android-studio
    • Flutter plugin can be installed from:
      🔨 https://plugins.jetbrains.com/plugin/9212-flutter
    • Dart plugin can be installed from:
      🔨 https://plugins.jetbrains.com/plugin/6351-dart
    • Java version OpenJDK Runtime Environment (build 11.0.12+0-b1504.28-7817840)

[✓] VS Code
    • VS Code at /snap/code/current
    • Flutter extension version 3.42.0

[✓] Connected device (2 available)
    • M2006C3LG (mobile) • GYDMNNHA5PV8CQHQ • android-arm    • Android 10 (API 29)
    • Chrome (web)       • chrome           • web-javascript • Google Chrome 102.0.5005.61

[✓] HTTP Host Availability
    • All required HTTP hosts are available

• No issues found!
```
